{
  "stats": {
    "suites": 1,
    "tests": 1,
    "passes": 0,
    "pending": 0,
    "failures": 1,
    "start": "2022-12-06T16:07:43.280Z",
    "end": "2022-12-06T16:07:43.757Z",
    "duration": 477,
    "testsRegistered": 1,
    "passPercent": 0,
    "pendingPercent": 0,
    "other": 0,
    "hasOther": false,
    "skipped": 0,
    "hasSkipped": false
  },
  "results": [
    {
      "uuid": "fb3ea9d2-2554-49a8-9583-cf7cc572b9dc",
      "title": "",
      "fullFile": "cypress/e2e/test/login.cy.js",
      "file": "cypress/e2e/test/login.cy.js",
      "beforeHooks": [],
      "afterHooks": [],
      "tests": [],
      "suites": [
        {
          "uuid": "9a136e83-ddaa-4eee-87be-37f1d03415bf",
          "title": "Authentication",
          "fullFile": "",
          "file": "",
          "beforeHooks": [],
          "afterHooks": [],
          "tests": [
            {
              "title": "Login with a valid user",
              "fullTitle": "Authentication Login with a valid user",
              "timedOut": null,
              "duration": 453,
              "state": "failed",
              "speed": null,
              "pass": false,
              "fail": true,
              "pending": false,
              "context": null,
              "code": "_auth.default.login('standard_user', 'secret_sauce');\ncy.get(_auth.default.itemNames).should('be.visible');\ncy.TestCommand();\ncy.url().should('contain', _routes.default.product);",
              "err": {
                "message": "TypeError: cy.TestCommand is not a function",
                "estack": "TypeError: cy.TestCommand is not a function\n    at Context.eval (webpack:///./cypress/e2e/test/login.cy.js:13:7)",
                "diff": null
              },
              "uuid": "0b7415bf-46e1-4755-b9a1-6f10632789f7",
              "parentUUID": "9a136e83-ddaa-4eee-87be-37f1d03415bf",
              "isHook": false,
              "skipped": false
            }
          ],
          "suites": [],
          "passes": [],
          "failures": [
            "0b7415bf-46e1-4755-b9a1-6f10632789f7"
          ],
          "pending": [],
          "skipped": [],
          "duration": 453,
          "root": false,
          "rootEmpty": false,
          "_timeout": 2000
        }
      ],
      "passes": [],
      "failures": [],
      "pending": [],
      "skipped": [],
      "duration": 0,
      "root": true,
      "rootEmpty": true,
      "_timeout": 2000
    }
  ],
  "meta": {
    "mocha": {
      "version": "7.0.1"
    },
    "mochawesome": {
      "options": {
        "quiet": false,
        "reportFilename": "mochawesome",
        "saveHtml": false,
        "saveJson": true,
        "consoleReporter": "spec",
        "useInlineDiffs": false,
        "code": true
      },
      "version": "7.1.3"
    },
    "marge": {
      "options": {
        "reportDir": "cypress/reports",
        "overwrite": false,
        "html": false,
        "json": true
      },
      "version": "6.2.0"
    }
  }
}